TN:
SF:/home/joe/QLogic/google-api-nodejs-client/src/googleapis.ts
FN:19,(anonymous_6)
FN:44,(anonymous_7)
FN:52,(anonymous_8)
FN:54,(anonymous_9)
FN:65,(anonymous_10)
FN:78,(anonymous_11)
FN:107,(anonymous_12)
FN:109,(anonymous_13)
FN:115,(anonymous_14)
FN:128,(anonymous_16)
FNF:10
FNH:8
FNDA:111,(anonymous_6)
FNDA:111,(anonymous_7)
FNDA:1,(anonymous_8)
FNDA:142,(anonymous_9)
FNDA:117,(anonymous_10)
FNDA:0,(anonymous_11)
FNDA:1,(anonymous_12)
FNDA:0,(anonymous_13)
FNDA:1,(anonymous_14)
FNDA:21,(anonymous_16)
DA:14,1
DA:15,1
DA:17,1
DA:19,1
DA:21,111
DA:23,111
DA:25,111
DA:28,1
DA:29,111
DA:30,111
DA:31,111
DA:45,111
DA:46,111
DA:53,1
DA:54,1
DA:55,142
DA:57,1
DA:66,117
DA:79,0
DA:80,0
DA:82,0
DA:108,1
DA:109,1
DA:111,0
DA:116,1
DA:117,0
DA:130,21
DA:131,21
DA:132,21
DA:133,21
LF:30
LH:25
BRDA:66,0,0,117
BRDA:66,0,1,111
BRDA:80,1,0,0
BRDA:80,1,1,0
BRDA:108,2,0,1
BRDA:108,2,1,0
BRDA:128,3,0,0
BRF:7
BRH:3
end_of_record
TN:
SF:/home/joe/QLogic/google-api-nodejs-client/src/index.ts
FNF:0
FNH:0
DA:19,1
DA:20,1
DA:21,1
DA:23,1
DA:24,1
DA:25,1
DA:26,1
DA:27,1
DA:28,1
DA:29,1
DA:30,1
DA:31,1
DA:32,1
DA:33,1
DA:34,1
DA:35,1
DA:36,1
DA:37,1
DA:38,1
DA:39,1
DA:40,1
DA:41,1
DA:42,1
DA:43,1
DA:44,1
DA:45,1
DA:46,1
DA:47,1
DA:48,1
DA:49,1
DA:50,1
DA:51,1
DA:52,1
DA:53,1
DA:54,1
DA:55,1
DA:56,1
DA:57,1
DA:58,1
DA:59,1
DA:60,1
DA:61,1
DA:62,1
DA:63,1
DA:64,1
DA:65,1
DA:66,1
DA:67,1
DA:68,1
DA:69,1
DA:70,1
DA:71,1
DA:72,1
DA:73,1
DA:74,1
DA:75,1
DA:76,1
DA:77,1
DA:78,1
DA:79,1
DA:80,1
DA:81,1
DA:82,1
DA:83,1
DA:84,1
DA:85,1
DA:86,1
DA:87,1
DA:88,1
DA:89,1
DA:90,1
DA:91,1
DA:92,1
DA:93,1
DA:94,1
DA:95,1
DA:96,1
DA:97,1
DA:98,1
DA:99,1
DA:100,1
DA:101,1
DA:102,1
DA:103,1
DA:104,1
DA:105,1
DA:106,1
DA:107,1
DA:108,1
DA:109,1
DA:110,1
DA:111,1
DA:112,1
DA:113,1
DA:114,1
DA:115,1
DA:116,1
DA:117,1
DA:118,1
DA:119,1
DA:120,1
DA:121,1
DA:122,1
DA:123,1
DA:124,1
DA:125,1
DA:126,1
DA:127,1
DA:128,1
DA:129,1
DA:130,1
DA:131,1
DA:132,1
DA:133,1
DA:134,1
DA:135,1
DA:136,1
DA:137,1
DA:138,1
DA:139,1
DA:140,1
DA:141,1
DA:142,1
DA:143,1
DA:144,1
DA:145,1
DA:146,1
DA:147,1
DA:148,1
DA:149,1
DA:150,1
DA:151,1
DA:152,1
DA:153,1
DA:154,1
DA:155,1
DA:156,1
DA:157,1
DA:158,1
DA:159,1
DA:160,1
DA:161,1
DA:162,1
DA:163,1
DA:164,1
DA:165,1
DA:166,1
DA:167,1
DA:168,1
DA:169,1
DA:170,1
DA:171,1
DA:172,1
DA:173,1
DA:174,1
DA:175,1
DA:176,1
DA:177,1
DA:178,1
DA:179,1
DA:180,1
DA:181,1
DA:182,1
DA:183,1
DA:184,1
DA:185,1
DA:186,1
DA:187,1
DA:188,1
DA:189,1
DA:190,1
DA:191,1
DA:192,1
DA:193,1
DA:194,1
DA:195,1
DA:196,1
DA:197,1
DA:198,1
DA:199,1
DA:200,1
DA:201,1
DA:202,1
DA:203,1
DA:204,1
DA:205,1
DA:206,1
DA:207,1
DA:208,1
DA:209,1
DA:210,1
DA:211,1
DA:212,1
DA:213,1
DA:214,1
DA:215,1
DA:216,1
DA:217,1
DA:218,1
DA:219,1
DA:220,1
DA:221,1
DA:222,1
DA:223,1
DA:224,1
DA:225,1
DA:226,1
DA:227,1
DA:228,1
DA:229,1
DA:230,1
DA:231,1
DA:232,1
DA:233,1
LF:214
LH:214
BRF:0
BRH:0
end_of_record
